#
# There is insufficient memory for the Java Runtime Environment to continue.
# Native memory allocation (mmap) failed to map 134217728 bytes for Failed to commit area from 0x0000000081e00000 to 0x0000000089e00000 of length 134217728.
# Possible reasons:
#   The system is out of physical RAM or swap space
#   The process is running with CompressedOops enabled, and the Java Heap may be blocking the growth of the native heap
# Possible solutions:
#   Reduce memory load on the system
#   Increase physical memory or swap space
#   Check if swap backing store is full
#   Decrease Java heap size (-Xmx/-Xms)
#   Decrease number of Java threads
#   Decrease Java thread stack sizes (-Xss)
#   Set larger code cache with -XX:ReservedCodeCacheSize=
# This output file may be truncated or incomplete.
#
#  Out of Memory Error (t:/workspace/open/src/hotspot/os/windows/os_windows.cpp:3264), pid=1948, tid=10192
#
# JRE version:  (12.0.2+10) (build )
# Java VM: Java HotSpot(TM) 64-Bit Server VM (12.0.2+10, mixed mode, aot, sharing, tiered, compressed oops, g1 gc, windows-amd64)
# No core dump will be written. Minidumps are not enabled by default on client versions of Windows
#

---------------  S U M M A R Y ------------

Command Line: -Dfile.encoding=Cp1252 App

Host: Intel(R) Core(TM) i7-7500U CPU @ 2.70GHz, 4 cores, 7G,  Windows 10 , 64 bit Build 19041 (10.0.19041.546)
Time: Thu Oct 22 13:03:52 2020 Hora oficial do Brasil elapsed time: 0 seconds (0d 0h 0m 0s)

---------------  T H R E A D  ---------------

Current thread (0x000001ebd9af4000):  JavaThread "Unknown thread" [_thread_in_vm, id=10192, stack(0x00000074a4f00000,0x00000074a5000000)]

Stack: [0x00000074a4f00000,0x00000074a5000000]
Native frames: (J=compiled Java code, j=interpreted, Vv=VM code, C=native code)
V  [jvm.dll+0x63aa2a]
V  [jvm.dll+0x78ce1e]
V  [jvm.dll+0x78e4c1]
V  [jvm.dll+0x78eb13]
V  [jvm.dll+0x2627e8]
V  [jvm.dll+0x637f5a]
V  [jvm.dll+0x62c845]
V  [jvm.dll+0x31e49c]
V  [jvm.dll+0x31e2cf]
V  [jvm.dll+0x324006]
V  [jvm.dll+0x371f56]
V  [jvm.dll+0x371720]
V  [jvm.dll+0x2f845a]
V  [jvm.dll+0x2f96d2]
V  [jvm.dll+0x767267]
V  [jvm.dll+0x7689f5]
V  [jvm.dll+0x380059]
V  [jvm.dll+0x74b794]
V  [jvm.dll+0x3ef5cd]
V  [jvm.dll+0x3f1471]
C  [jli.dll+0x51cf]
C  [ucrtbase.dll+0x214c2]
C  [KERNEL32.DLL+0x17034]
C  [ntdll.dll+0x4cec1]


---------------  P R O C E S S  ---------------

Threads class SMR info:
_java_thread_list=0x00007ffaf8497928, length=0, elements={
}

Java Threads: ( => current thread )

Other Threads:
  0x000001ebd9b33800 GCTaskThread "GC Thread#0" [stack: 0x00000074a5000000,0x00000074a5100000] [id=8388]
  0x000001ebd9b42800 ConcurrentGCThread "G1 Main Marker" [stack: 0x00000074a5100000,0x00000074a5200000] [id=1512]
  0x000001ebd9b44000 ConcurrentGCThread "G1 Conc#0" [stack: 0x00000074a5200000,0x00000074a5300000] [id=7224]

[error occurred during error reporting (printing all threads), id 0xc0000005, EXCEPTION_ACCESS_VIOLATION (0xc0000005) at pc=0x00007ffaf7cc85e7]

VM state:not at safepoint (not fully initialized)

VM Mutex/Monitor currently owned by a thread:  ([mutex/lock_event])
[0x000001ebd9af1bb0] Heap_lock - owner thread: 0x000001ebd9af4000

Heap address: 0x0000000081e00000, size: 2018 MB, Compressed Oops mode: Non-zero based: 0x0000000081e00000
Narrow klass base: 0x0000000000000000, Narrow klass shift: 0

GC Heap History (0 events):
No events

Deoptimization events (0 events):
No events

Classes redefined (0 events):
No events

Internal exceptions (0 events):
No events

Events (0 events):
No events


Dynamic libraries:
0x00007ff7178e0000 - 0x00007ff7178ef000 	C:\Program Files\Java\jdk-12.0.2\bin\javaw.exe
0x00007ffb2e6b0000 - 0x00007ffb2e8a6000 	C:\WINDOWS\SYSTEM32\ntdll.dll
0x00007ffb2d000000 - 0x00007ffb2d0bd000 	C:\WINDOWS\System32\KERNEL32.DLL
0x00007ffb2bf40000 - 0x00007ffb2c208000 	C:\WINDOWS\System32\KERNELBASE.dll
0x00007ffb2c3b0000 - 0x00007ffb2c4b0000 	C:\WINDOWS\System32\ucrtbase.dll
0x00007ffb0b420000 - 0x00007ffb0b438000 	C:\Program Files\Java\jdk-12.0.2\bin\jli.dll
0x00007ffb0b1d0000 - 0x00007ffb0b1e6000 	C:\Program Files\Java\jdk-12.0.2\bin\VCRUNTIME140.dll
0x00007ffb2cd90000 - 0x00007ffb2ce3a000 	C:\WINDOWS\System32\ADVAPI32.dll
0x00007ffb2ce40000 - 0x00007ffb2cede000 	C:\WINDOWS\System32\msvcrt.dll
0x00007ffb2e0d0000 - 0x00007ffb2e16b000 	C:\WINDOWS\System32\sechost.dll
0x00007ffb2e540000 - 0x00007ffb2e664000 	C:\WINDOWS\System32\RPCRT4.dll
0x00007ffb2c780000 - 0x00007ffb2c920000 	C:\WINDOWS\System32\USER32.dll
0x00007ffb2c380000 - 0x00007ffb2c3a2000 	C:\WINDOWS\System32\win32u.dll
0x00007ffb17820000 - 0x00007ffb17abb000 	C:\WINDOWS\WinSxS\amd64_microsoft.windows.common-controls_6595b64144ccf1df_6.0.19041.488_none_ca04af081b815d21\COMCTL32.dll
0x00007ffb2d6e0000 - 0x00007ffb2d70a000 	C:\WINDOWS\System32\GDI32.dll
0x00007ffb2c610000 - 0x00007ffb2c719000 	C:\WINDOWS\System32\gdi32full.dll
0x00007ffb2c290000 - 0x00007ffb2c32d000 	C:\WINDOWS\System32\msvcp_win.dll
0x00007ffb20100000 - 0x00007ffb2010a000 	C:\WINDOWS\SYSTEM32\VERSION.dll
0x00007ffb2e2a0000 - 0x00007ffb2e2d0000 	C:\WINDOWS\System32\IMM32.DLL
0x00007ffb03630000 - 0x00007ffb036da000 	C:\Program Files\Java\jdk-12.0.2\bin\msvcp140.dll
0x00007ffaf79c0000 - 0x00007ffaf8537000 	C:\Program Files\Java\jdk-12.0.2\bin\server\jvm.dll
0x00007ffb2d7f0000 - 0x00007ffb2d7f8000 	C:\WINDOWS\System32\PSAPI.DLL
0x00007ffb23130000 - 0x00007ffb23157000 	C:\WINDOWS\SYSTEM32\WINMM.dll
0x00007ffb1da60000 - 0x00007ffb1da69000 	C:\WINDOWS\SYSTEM32\WSOCK32.dll
0x00007ffb2e2d0000 - 0x00007ffb2e33b000 	C:\WINDOWS\System32\WS2_32.dll
0x00007ffb29cf0000 - 0x00007ffb29d02000 	C:\WINDOWS\SYSTEM32\kernel.appcore.dll
0x00007ffb24800000 - 0x00007ffb24811000 	C:\Program Files\Java\jdk-12.0.2\bin\verify.dll
0x00007ffb26f10000 - 0x00007ffb270f4000 	C:\WINDOWS\SYSTEM32\DBGHELP.DLL
0x00007ffb26ee0000 - 0x00007ffb26f0c000 	C:\WINDOWS\SYSTEM32\dbgcore.DLL
0x00007ffb2c210000 - 0x00007ffb2c28f000 	C:\WINDOWS\System32\bcryptPrimitives.dll
0x00007ffb0ca30000 - 0x00007ffb0ca56000 	C:\Program Files\Java\jdk-12.0.2\bin\java.dll
0x00007ffb1a710000 - 0x00007ffb1a727000 	C:\Program Files\Java\jdk-12.0.2\bin\zip.dll
0x00007ffb26470000 - 0x00007ffb2647a000 	C:\Program Files\Java\jdk-12.0.2\bin\jimage.dll

dbghelp: loaded successfully - version: 4.0.5 - missing functions: none
symbol engine: initialized successfully - sym options: 0x614 - pdb path: .;C:\Program Files\Java\jdk-12.0.2\bin;C:\WINDOWS\SYSTEM32;C:\WINDOWS\WinSxS\amd64_microsoft.windows.common-controls_6595b64144ccf1df_6.0.19041.488_none_ca04af081b815d21;C:\Program Files\Java\jdk-12.0.2\bin\server

VM Arguments:
jvm_args: -Dfile.encoding=Cp1252 
java_command: App
java_class_path (initial): C:\Users\guto_\Documents\GitHub\PocSelenium\App\bin;C:\Users\guto_\Documents\GitHub\PocSelenium\selenium-server-standalone-3.141.59.jar
Launcher Type: SUN_STANDARD

[Global flags]
     intx CICompilerCount                          = 3                                         {product} {ergonomic}
     uint ConcGCThreads                            = 1                                         {product} {ergonomic}
     uint G1ConcRefinementThreads                  = 4                                         {product} {ergonomic}
   size_t G1HeapRegionSize                         = 1048576                                   {product} {ergonomic}
    uintx GCDrainStackTargetSize                   = 64                                        {product} {ergonomic}
   size_t InitialHeapSize                          = 134217728                                 {product} {ergonomic}
   size_t MarkStackSize                            = 4194304                                   {product} {ergonomic}
   size_t MaxHeapSize                              = 2116026368                                {product} {ergonomic}
   size_t MinHeapDeltaBytes                        = 1048576                                   {product} {ergonomic}
    uintx NonNMethodCodeHeapSize                   = 5830732                                {pd product} {ergonomic}
    uintx NonProfiledCodeHeapSize                  = 122913754                              {pd product} {ergonomic}
    uintx ProfiledCodeHeapSize                     = 122913754                              {pd product} {ergonomic}
    uintx ReservedCodeCacheSize                    = 251658240                              {pd product} {ergonomic}
     bool SegmentedCodeCache                       = true                                      {product} {ergonomic}
     bool UseCompressedClassPointers               = true                                 {lp64_product} {ergonomic}
     bool UseCompressedOops                        = true                                 {lp64_product} {ergonomic}
     bool UseG1GC                                  = true                                      {product} {ergonomic}
     bool UseLargePagesIndividualAllocation        = false                                  {pd product} {ergonomic}

Logging:
Log output configuration:
 #0: stdout all=warning uptime,level,tags
 #1: stderr all=off uptime,level,tags

Environment Variables:
JAVA_HOME=C:\Program Files\Java\jdk1.8.0_211
CLASSPATH=.;
PATH=C:/Program Files/Java/jdk-12.0.2/bin/server;C:/Program Files/Java/jdk-12.0.2/bin;C:\Program Files (x86)\Common Files\Oracle\Java\javapath;C:\Python38\Scripts\;C:\Python38\;C:\Python27\;C:\Python27\Scripts;C:\WINDOWS\system32;C:\WINDOWS;C:\WINDOWS\System32\Wbem;C:\WINDOWS\System32\WindowsPowerShell\v1.0\;C:\WINDOWS\System32\OpenSSH\;C:\Program Files\dotnet\;C:\Program Files\Microsoft SQL Server\Client SDK\ODBC\170\Tools\Binn\;C:\Program Files\Git\cmd;C:\Program Files (x86)\Yarn\bin\;c:\Program Files (x86)\Microsoft SQL Server\110\Tools\Binn\;c:\Program Files\Microsoft SQL Server\110\Tools\Binn\;c:\Program Files\Microsoft SQL Server\110\DTS\Binn\;C:\ProgramData\chocolatey\bin;C:\Program Files\Java\jdk1.8.0_211\bin;C:\Program Files\nodejs\;C:\Program Files\Docker\Docker\resources\bin;C:\ProgramData\DockerDesktop\version-bin;C:\Program Files\MySQL\MySQL Shell 8.0\bin\;C:\Users\guto_\AppData\Local\Microsoft\WindowsApps;C:\Users\guto_\AppData\Local\Programs\Microsoft VS Code\bin;C:\Users\guto_\AppData\Local\Yarn\bin;C:\Android\Sdk\platform-tools;C:\Android\Sdk\tools;C:\Users\guto_\AppData\Local\hyper\app-3.0.2\resources\bin;C:\tools\Cmder;C:\Users\guto_\AppData\Local\GitHubDesktop\bin;C:\Users\guto_\AppData\Roaming\npm;%USERPROFILE%\AppData\Local\Microsoft\WindowsApps;;C:\Users\guto_\Desktop;
USERNAME=Guto
OS=Windows_NT
PROCESSOR_IDENTIFIER=Intel64 Family 6 Model 142 Stepping 9, GenuineIntel



---------------  S Y S T E M  ---------------

OS: Windows 10 , 64 bit Build 19041 (10.0.19041.546)

CPU:total 4 (initial active 4) (2 cores per cpu, 2 threads per core) family 6 model 142 stepping 9, cmov, cx8, fxsr, mmx, sse, sse2, sse3, ssse3, sse4.1, sse4.2, popcnt, avx, avx2, aes, clmul, erms, 3dnowpref, lzcnt, ht, tsc, tscinvbit, bmi1, bmi2, adx, fma

Memory: 4k page, system-wide physical 8067M (753M free)
TotalPageFile size 8067M (AvailPageFile size 22M)
current process WorkingSet (physical memory assigned to process): 9M, peak: 9M
current process commit charge ("private bytes"): 51M, peak: 179M

vm_info: Java HotSpot(TM) 64-Bit Server VM (12.0.2+10) for windows-amd64 JRE (12.0.2+10), built on Jul 16 2019 01:56:17 by "mach5one" with MS VC++ 15.5 (VS2017)

END.
